2022-04-15 23:21:59.117  INFO 21584 --- [restartedMain] com.mindskip.xzs.XzsApplication          : Starting XzsApplication on zhaoosn with PID 21584 (started by zhaoosn in H:\文档\毕设\local\新建文件夹\xzs-mysql-master\source)
2022-04-15 23:21:59.119  INFO 21584 --- [restartedMain] com.mindskip.xzs.XzsApplication          : The following profiles are active: dev
2022-04-15 23:21:59.204  INFO 21584 --- [restartedMain] .e.DevToolsPropertyDefaultsPostProcessor : Devtools property defaults active! Set 'spring.devtools.add-properties' to 'false' to disable
2022-04-15 23:21:59.205  INFO 21584 --- [restartedMain] .e.DevToolsPropertyDefaultsPostProcessor : For additional web related logging consider setting the 'logging.level.web' property to 'DEBUG'
2022-04-15 23:21:59.980  INFO 21584 --- [restartedMain] .s.d.r.c.RepositoryConfigurationDelegate : Multiple Spring Data modules found, entering strict repository configuration mode!
2022-04-15 23:21:59.982  INFO 21584 --- [restartedMain] .s.d.r.c.RepositoryConfigurationDelegate : Bootstrapping Spring Data repositories in DEFAULT mode.
2022-04-15 23:22:00.040  INFO 21584 --- [restartedMain] .s.d.r.c.RepositoryConfigurationDelegate : Finished Spring Data repository scanning in 46ms. Found 0 repository interfaces.
2022-04-15 23:22:00.349  INFO 21584 --- [restartedMain] trationDelegate$BeanPostProcessorChecker : Bean 'org.springframework.transaction.annotation.ProxyTransactionManagementConfiguration' of type [org.springframework.transaction.annotation.ProxyTransactionManagementConfiguration$$EnhancerBySpringCGLIB$$eb214329] is not eligible for getting processed by all BeanPostProcessors (for example: not eligible for auto-proxying)
2022-04-15 23:22:00.591  WARN 21584 --- [restartedMain] io.undertow.websockets.jsr               : UT026010: Buffer pool was not set on WebSocketDeploymentInfo, the default pool will be used
2022-04-15 23:22:00.616  INFO 21584 --- [restartedMain] io.undertow.servlet                      : Initializing Spring embedded WebApplicationContext
2022-04-15 23:22:00.617  INFO 21584 --- [restartedMain] o.s.web.context.ContextLoader            : Root WebApplicationContext: initialization completed in 1412 ms
2022-04-15 23:22:03.231  INFO 21584 --- [restartedMain] o.s.s.web.DefaultSecurityFilterChain     : Creating filter chain: any request, [org.springframework.security.web.context.request.async.WebAsyncManagerIntegrationFilter@19a3696f, org.springframework.security.web.context.SecurityContextPersistenceFilter@3cadb55, org.springframework.security.web.header.HeaderWriterFilter@4855d897, org.springframework.web.filter.CorsFilter@534ff4dd, org.springframework.security.web.authentication.logout.LogoutFilter@12f68306, com.mindskip.xzs.configuration.spring.security.RestLoginAuthenticationFilter@6c955754, org.springframework.security.web.authentication.UsernamePasswordAuthenticationFilter@39a04e4a, org.springframework.security.web.savedrequest.RequestCacheAwareFilter@351eb2b0, org.springframework.security.web.servletapi.SecurityContextHolderAwareRequestFilter@5f35581b, org.springframework.security.web.authentication.rememberme.RememberMeAuthenticationFilter@38f4171b, org.springframework.security.web.authentication.AnonymousAuthenticationFilter@25a193a7, org.springframework.security.web.session.SessionManagementFilter@7ee5b38f, org.springframework.security.web.access.ExceptionTranslationFilter@5c113b11, org.springframework.security.web.access.intercept.FilterSecurityInterceptor@5bb7afc5]
2022-04-15 23:22:03.635  INFO 21584 --- [restartedMain] o.s.b.d.a.OptionalLiveReloadServer       : LiveReload server is running on port 35729
2022-04-15 23:22:03.678  INFO 21584 --- [restartedMain] org.xnio                                 : XNIO version 3.3.8.Final
2022-04-15 23:22:03.686  INFO 21584 --- [restartedMain] org.xnio.nio                             : XNIO NIO Implementation Version 3.3.8.Final
2022-04-15 23:22:03.749  INFO 21584 --- [restartedMain] o.s.b.w.e.u.UndertowServletWebServer     : Undertow started on port(s) 8000 (http) with context path ''
2022-04-15 23:22:03.751  INFO 21584 --- [restartedMain] com.mindskip.xzs.XzsApplication          : Started XzsApplication in 5.162 seconds (JVM running for 6.722)
2022-04-15 23:22:46.538  INFO 21584 --- [XNIO-1 task-2] io.undertow.servlet                      : Initializing Spring DispatcherServlet 'dispatcherServlet'
2022-04-15 23:22:46.538  INFO 21584 --- [XNIO-1 task-2] o.s.web.servlet.DispatcherServlet        : Initializing Servlet 'dispatcherServlet'
2022-04-15 23:22:46.547  INFO 21584 --- [XNIO-1 task-2] o.s.web.servlet.DispatcherServlet        : Completed initialization in 9 ms
2022-04-15 23:23:00.205  INFO 21584 --- [XNIO-1 task-5] com.zaxxer.hikari.HikariDataSource       : HikariPool-1 - Starting...
2022-04-15 23:23:00.313  INFO 21584 --- [XNIO-1 task-5] com.zaxxer.hikari.HikariDataSource       : HikariPool-1 - Start completed.
2022-04-15 23:45:08.096  INFO 5152 --- [restartedMain] com.mindskip.xzs.XzsApplication          : Starting XzsApplication on zhaoosn with PID 5152 (started by zhaoosn in H:\文档\毕设\local\新建文件夹\xzs-mysql-master\source)
2022-04-15 23:45:08.099  INFO 5152 --- [restartedMain] com.mindskip.xzs.XzsApplication          : The following profiles are active: dev
2022-04-15 23:45:08.176  INFO 5152 --- [restartedMain] .e.DevToolsPropertyDefaultsPostProcessor : Devtools property defaults active! Set 'spring.devtools.add-properties' to 'false' to disable
2022-04-15 23:45:08.177  INFO 5152 --- [restartedMain] .e.DevToolsPropertyDefaultsPostProcessor : For additional web related logging consider setting the 'logging.level.web' property to 'DEBUG'
2022-04-15 23:45:08.832  INFO 5152 --- [restartedMain] .s.d.r.c.RepositoryConfigurationDelegate : Multiple Spring Data modules found, entering strict repository configuration mode!
2022-04-15 23:45:08.833  INFO 5152 --- [restartedMain] .s.d.r.c.RepositoryConfigurationDelegate : Bootstrapping Spring Data repositories in DEFAULT mode.
2022-04-15 23:45:08.879  INFO 5152 --- [restartedMain] .s.d.r.c.RepositoryConfigurationDelegate : Finished Spring Data repository scanning in 38ms. Found 0 repository interfaces.
2022-04-15 23:45:09.148  INFO 5152 --- [restartedMain] trationDelegate$BeanPostProcessorChecker : Bean 'org.springframework.transaction.annotation.ProxyTransactionManagementConfiguration' of type [org.springframework.transaction.annotation.ProxyTransactionManagementConfiguration$$EnhancerBySpringCGLIB$$9abb22e0] is not eligible for getting processed by all BeanPostProcessors (for example: not eligible for auto-proxying)
2022-04-15 23:45:09.382  WARN 5152 --- [restartedMain] io.undertow.websockets.jsr               : UT026010: Buffer pool was not set on WebSocketDeploymentInfo, the default pool will be used
2022-04-15 23:45:09.398  INFO 5152 --- [restartedMain] io.undertow.servlet                      : Initializing Spring embedded WebApplicationContext
2022-04-15 23:45:09.398  INFO 5152 --- [restartedMain] o.s.web.context.ContextLoader            : Root WebApplicationContext: initialization completed in 1221 ms
2022-04-15 23:45:11.799  INFO 5152 --- [restartedMain] o.s.s.web.DefaultSecurityFilterChain     : Creating filter chain: any request, [org.springframework.security.web.context.request.async.WebAsyncManagerIntegrationFilter@6e351401, org.springframework.security.web.context.SecurityContextPersistenceFilter@62cf319f, org.springframework.security.web.header.HeaderWriterFilter@662b096d, org.springframework.web.filter.CorsFilter@555cd593, org.springframework.security.web.authentication.logout.LogoutFilter@70cb7c23, com.mindskip.xzs.configuration.spring.security.RestLoginAuthenticationFilter@24cc4635, org.springframework.security.web.authentication.UsernamePasswordAuthenticationFilter@26c79e2a, org.springframework.security.web.savedrequest.RequestCacheAwareFilter@2bf9cc52, org.springframework.security.web.servletapi.SecurityContextHolderAwareRequestFilter@14191a26, org.springframework.security.web.authentication.rememberme.RememberMeAuthenticationFilter@5a7e1855, org.springframework.security.web.authentication.AnonymousAuthenticationFilter@74e7d82e, org.springframework.security.web.session.SessionManagementFilter@3a1b2a8d, org.springframework.security.web.access.ExceptionTranslationFilter@5861e6ac, org.springframework.security.web.access.intercept.FilterSecurityInterceptor@47106edc]
2022-04-15 23:45:12.202  INFO 5152 --- [restartedMain] o.s.b.d.a.OptionalLiveReloadServer       : LiveReload server is running on port 35729
2022-04-15 23:45:12.241  INFO 5152 --- [restartedMain] org.xnio                                 : XNIO version 3.3.8.Final
2022-04-15 23:45:12.248  INFO 5152 --- [restartedMain] org.xnio.nio                             : XNIO NIO Implementation Version 3.3.8.Final
2022-04-15 23:45:12.306  INFO 5152 --- [restartedMain] o.s.b.w.e.u.UndertowServletWebServer     : Undertow started on port(s) 8000 (http) with context path ''
2022-04-15 23:45:12.308  INFO 5152 --- [restartedMain] com.mindskip.xzs.XzsApplication          : Started XzsApplication in 4.695 seconds (JVM running for 6.286)
2022-04-15 23:45:32.540  INFO 5152 --- [XNIO-1 task-1] io.undertow.servlet                      : Initializing Spring DispatcherServlet 'dispatcherServlet'
2022-04-15 23:45:32.541  INFO 5152 --- [XNIO-1 task-1] o.s.web.servlet.DispatcherServlet        : Initializing Servlet 'dispatcherServlet'
2022-04-15 23:45:32.561  INFO 5152 --- [XNIO-1 task-1] o.s.web.servlet.DispatcherServlet        : Completed initialization in 19 ms
2022-04-15 23:48:01.609  INFO 12592 --- [restartedMain] com.mindskip.xzs.XzsApplication          : Starting XzsApplication on zhaoosn with PID 12592 (started by zhaoosn in H:\文档\毕设\local\新建文件夹\xzs-mysql-master\source)
2022-04-15 23:48:01.611  INFO 12592 --- [restartedMain] com.mindskip.xzs.XzsApplication          : The following profiles are active: dev
2022-04-15 23:48:01.702  INFO 12592 --- [restartedMain] .e.DevToolsPropertyDefaultsPostProcessor : Devtools property defaults active! Set 'spring.devtools.add-properties' to 'false' to disable
2022-04-15 23:48:01.702  INFO 12592 --- [restartedMain] .e.DevToolsPropertyDefaultsPostProcessor : For additional web related logging consider setting the 'logging.level.web' property to 'DEBUG'
2022-04-15 23:48:02.383  INFO 12592 --- [restartedMain] .s.d.r.c.RepositoryConfigurationDelegate : Multiple Spring Data modules found, entering strict repository configuration mode!
2022-04-15 23:48:02.384  INFO 12592 --- [restartedMain] .s.d.r.c.RepositoryConfigurationDelegate : Bootstrapping Spring Data repositories in DEFAULT mode.
2022-04-15 23:48:02.442  INFO 12592 --- [restartedMain] .s.d.r.c.RepositoryConfigurationDelegate : Finished Spring Data repository scanning in 49ms. Found 0 repository interfaces.
2022-04-15 23:48:02.713  INFO 12592 --- [restartedMain] trationDelegate$BeanPostProcessorChecker : Bean 'org.springframework.transaction.annotation.ProxyTransactionManagementConfiguration' of type [org.springframework.transaction.annotation.ProxyTransactionManagementConfiguration$$EnhancerBySpringCGLIB$$d32b7fad] is not eligible for getting processed by all BeanPostProcessors (for example: not eligible for auto-proxying)
2022-04-15 23:48:02.950  WARN 12592 --- [restartedMain] io.undertow.websockets.jsr               : UT026010: Buffer pool was not set on WebSocketDeploymentInfo, the default pool will be used
2022-04-15 23:48:02.967  INFO 12592 --- [restartedMain] io.undertow.servlet                      : Initializing Spring embedded WebApplicationContext
2022-04-15 23:48:02.967  INFO 12592 --- [restartedMain] o.s.web.context.ContextLoader            : Root WebApplicationContext: initialization completed in 1265 ms
2022-04-15 23:48:05.457  INFO 12592 --- [restartedMain] o.s.s.web.DefaultSecurityFilterChain     : Creating filter chain: any request, [org.springframework.security.web.context.request.async.WebAsyncManagerIntegrationFilter@555cd593, org.springframework.security.web.context.SecurityContextPersistenceFilter@4855d897, org.springframework.security.web.header.HeaderWriterFilter@6d98e514, org.springframework.web.filter.CorsFilter@74e7d82e, org.springframework.security.web.authentication.logout.LogoutFilter@5f35581b, com.mindskip.xzs.configuration.spring.security.RestLoginAuthenticationFilter@5d76c65f, org.springframework.security.web.authentication.UsernamePasswordAuthenticationFilter@3c51519d, org.springframework.security.web.savedrequest.RequestCacheAwareFilter@7ee5b38f, org.springframework.security.web.servletapi.SecurityContextHolderAwareRequestFilter@720bab5a, org.springframework.security.web.authentication.rememberme.RememberMeAuthenticationFilter@1567c1df, org.springframework.security.web.authentication.AnonymousAuthenticationFilter@6c334566, org.springframework.security.web.session.SessionManagementFilter@5c113b11, org.springframework.security.web.access.ExceptionTranslationFilter@2cf952a5, org.springframework.security.web.access.intercept.FilterSecurityInterceptor@416105de]
2022-04-15 23:48:05.847  INFO 12592 --- [restartedMain] o.s.b.d.a.OptionalLiveReloadServer       : LiveReload server is running on port 35729
2022-04-15 23:48:05.889  INFO 12592 --- [restartedMain] org.xnio                                 : XNIO version 3.3.8.Final
2022-04-15 23:48:05.895  INFO 12592 --- [restartedMain] org.xnio.nio                             : XNIO NIO Implementation Version 3.3.8.Final
2022-04-15 23:48:05.952  INFO 12592 --- [restartedMain] o.s.b.w.e.u.UndertowServletWebServer     : Undertow started on port(s) 8000 (http) with context path ''
2022-04-15 23:48:05.955  INFO 12592 --- [restartedMain] com.mindskip.xzs.XzsApplication          : Started XzsApplication in 4.998 seconds (JVM running for 7.017)
2022-04-15 23:48:13.857  INFO 12592 --- [XNIO-1 task-1] io.undertow.servlet                      : Initializing Spring DispatcherServlet 'dispatcherServlet'
2022-04-15 23:48:13.858  INFO 12592 --- [XNIO-1 task-1] o.s.web.servlet.DispatcherServlet        : Initializing Servlet 'dispatcherServlet'
2022-04-15 23:48:13.867  INFO 12592 --- [XNIO-1 task-1] o.s.web.servlet.DispatcherServlet        : Completed initialization in 9 ms
2022-04-15 23:48:18.762  INFO 12592 --- [XNIO-1 task-5] com.zaxxer.hikari.HikariDataSource       : HikariPool-1 - Starting...
2022-04-15 23:48:18.894  INFO 12592 --- [XNIO-1 task-5] com.zaxxer.hikari.HikariDataSource       : HikariPool-1 - Start completed.
